# JRE version: Java(TM) SE Runtime Environment (8.0_60-b27) (build 1.8.0_60-b27)
# Java VM: Java HotSpot(TM) 64-Bit Server VM (25.60-b23 mixed mode windows-amd64 compressed oops)
Heap:
 PSYoungGen      total 112640K, used 98770K [0x00000000d5e00000, 0x00000000dd500000, 0x0000000100000000)
  eden space 107520K, 91% used [0x00000000d5e00000,0x00000000dbe74a98,0x00000000dc700000)
  from space 5120K, 0% used [0x00000000dcb00000,0x00000000dcb00000,0x00000000dd000000)
  to   space 5120K, 0% used [0x00000000dd000000,0x00000000dd000000,0x00000000dd500000)
 ParOldGen       total 141824K, used 90473K [0x0000000081a00000, 0x000000008a480000, 0x00000000d5e00000)
  object space 141824K, 63% used [0x0000000081a00000,0x000000008725a500,0x000000008a480000)
 Metaspace       used 3855K, capacity 4746K, committed 4864K, reserved 1056768K
  class space    used 427K, capacity 434K, committed 512K, reserved 1048576K
GC Heap History (10 events):
Event: 0.159 GC heap before
{Heap before GC invocations=3 (full 1):
 PSYoungGen      total 71680K, used 5112K [0x00000000d5e00000, 0x00000000da900000, 0x0000000100000000)
  eden space 66560K, 0% used [0x00000000d5e00000,0x00000000d5e00000,0x00000000d9f00000)
  from space 5120K, 99% used [0x00000000da400000,0x00000000da8fe010,0x00000000da900000)
  to   space 5120K, 0% used [0x00000000d9f00000,0x00000000d9f00000,0x00000000da400000)
 ParOldGen       total 87552K, used 60766K [0x0000000081a00000, 0x0000000086f80000, 0x00000000d5e00000)
  object space 87552K, 69% used [0x0000000081a00000,0x0000000085557b60,0x0000000086f80000)
 Metaspace       used 2672K, capacity 4564K, committed 4864K, reserved 1056768K
  class space    used 288K, capacity 388K, committed 512K, reserved 1048576K
Event: 0.181 GC heap after
Heap after GC invocations=3 (full 1):
 PSYoungGen      total 71680K, used 0K [0x00000000d5e00000, 0x00000000da900000, 0x0000000100000000)
  eden space 66560K, 0% used [0x00000000d5e00000,0x00000000d5e00000,0x00000000d9f00000)
  from space 5120K, 0% used [0x00000000da400000,0x00000000da400000,0x00000000da900000)
  to   space 5120K, 0% used [0x00000000d9f00000,0x00000000d9f00000,0x00000000da400000)
 ParOldGen       total 141824K, used 64854K [0x0000000081a00000, 0x000000008a480000, 0x00000000d5e00000)
  object space 141824K, 45% used [0x0000000081a00000,0x0000000085955970,0x000000008a480000)
 Metaspace       used 2672K, capacity 4564K, committed 4864K, reserved 1056768K
  class space    used 288K, capacity 388K, committed 512K, reserved 1048576K
}
Event: 0.572 GC heap before
{Heap before GC invocations=4 (full 1):
 PSYoungGen      total 71680K, used 66560K [0x00000000d5e00000, 0x00000000da900000, 0x0000000100000000)
  eden space 66560K, 100% used [0x00000000d5e00000,0x00000000d9f00000,0x00000000d9f00000)
  from space 5120K, 0% used [0x00000000da400000,0x00000000da400000,0x00000000da900000)
  to   space 5120K, 0% used [0x00000000d9f00000,0x00000000d9f00000,0x00000000da400000)
 ParOldGen       total 141824K, used 64854K [0x0000000081a00000, 0x000000008a480000, 0x00000000d5e00000)
  object space 141824K, 45% used [0x0000000081a00000,0x0000000085955970,0x000000008a480000)
 Metaspace       used 3670K, capacity 4680K, committed 4864K, reserved 1056768K
  class space    used 417K, capacity 432K, committed 512K, reserved 1048576K
Event: 0.582 GC heap after
Heap after GC invocations=4 (full 1):
 PSYoungGen      total 71680K, used 5120K [0x00000000d5e00000, 0x00000000dd500000, 0x0000000100000000)
  eden space 66560K, 0% used [0x00000000d5e00000,0x00000000d5e00000,0x00000000d9f00000)
  from space 5120K, 100% used [0x00000000d9f00000,0x00000000da400000,0x00000000da400000)
  to   space 5120K, 0% used [0x00000000dd000000,0x00000000dd000000,0x00000000dd500000)
 ParOldGen       total 141824K, used 77119K [0x0000000081a00000, 0x000000008a480000, 0x00000000d5e00000)
  object space 141824K, 54% used [0x0000000081a00000,0x000000008654ff30,0x000000008a480000)
 Metaspace       used 3670K, capacity 4680K, committed 4864K, reserved 1056768K
  class space    used 417K, capacity 432K, committed 512K, reserved 1048576K
}
Event: 61.757 GC heap before
{Heap before GC invocations=5 (full 1):
 PSYoungGen      total 71680K, used 71679K [0x00000000d5e00000, 0x00000000dd500000, 0x0000000100000000)
  eden space 66560K, 99% used [0x00000000d5e00000,0x00000000d9efffe8,0x00000000d9f00000)
  from space 5120K, 100% used [0x00000000d9f00000,0x00000000da400000,0x00000000da400000)
  to   space 5120K, 0% used [0x00000000dd000000,0x00000000dd000000,0x00000000dd500000)
 ParOldGen       total 141824K, used 77119K [0x0000000081a00000, 0x000000008a480000, 0x00000000d5e00000)
  object space 141824K, 54% used [0x0000000081a00000,0x000000008654ff30,0x000000008a480000)
 Metaspace       used 3787K, capacity 4746K, committed 4864K, reserved 1056768K
  class space    used 422K, capacity 434K, committed 512K, reserved 1048576K
Event: 61.794 GC heap after
Heap after GC invocations=5 (full 1):
 PSYoungGen      total 112640K, used 5120K [0x00000000d5e00000, 0x00000000dd500000, 0x0000000100000000)
  eden space 107520K, 0% used [0x00000000d5e00000,0x00000000d5e00000,0x00000000dc700000)
  from space 5120K, 100% used [0x00000000dd000000,0x00000000dd500000,0x00000000dd500000)
  to   space 5120K, 0% used [0x00000000dcb00000,0x00000000dcb00000,0x00000000dd000000)
 ParOldGen       total 141824K, used 100001K [0x0000000081a00000, 0x000000008a480000, 0x00000000d5e00000)
  object space 141824K, 70% used [0x0000000081a00000,0x0000000087ba8760,0x000000008a480000)
 Metaspace       used 3787K, capacity 4746K, committed 4864K, reserved 1056768K
  class space    used 422K, capacity 434K, committed 512K, reserved 1048576K
}
Event: 61.819 GC heap before
{Heap before GC invocations=6 (full 1):
 PSYoungGen      total 112640K, used 112640K [0x00000000d5e00000, 0x00000000dd500000, 0x0000000100000000)
  eden space 107520K, 100% used [0x00000000d5e00000,0x00000000dc700000,0x00000000dc700000)
  from space 5120K, 100% used [0x00000000dd000000,0x00000000dd500000,0x00000000dd500000)
  to   space 5120K, 0% used [0x00000000dcb00000,0x00000000dcb00000,0x00000000dd000000)
 ParOldGen       total 141824K, used 100001K [0x0000000081a00000, 0x000000008a480000, 0x00000000d5e00000)
  object space 141824K, 70% used [0x0000000081a00000,0x0000000087ba8760,0x000000008a480000)
 Metaspace       used 3789K, capacity 4746K, committed 4864K, reserved 1056768K
  class space    used 422K, capacity 434K, committed 512K, reserved 1048576K
Event: 61.824 GC heap after
Heap after GC invocations=6 (full 1):
 PSYoungGen      total 112640K, used 5113K [0x00000000d5e00000, 0x00000000dd500000, 0x0000000100000000)
  eden space 107520K, 0% used [0x00000000d5e00000,0x00000000d5e00000,0x00000000dc700000)
  from space 5120K, 99% used [0x00000000dcb00000,0x00000000dcffe410,0x00000000dd000000)
  to   space 5120K, 0% used [0x00000000dd000000,0x00000000dd000000,0x00000000dd500000)
 ParOldGen       total 141824K, used 107231K [0x0000000081a00000, 0x000000008a480000, 0x00000000d5e00000)
  object space 141824K, 75% used [0x0000000081a00000,0x00000000882b7d70,0x000000008a480000)
 Metaspace       used 3789K, capacity 4746K, committed 4864K, reserved 1056768K
  class space    used 422K, capacity 434K, committed 512K, reserved 1048576K
}
Event: 61.824 GC heap before
{Heap before GC invocations=7 (full 2):
 PSYoungGen      total 112640K, used 5113K [0x00000000d5e00000, 0x00000000dd500000, 0x0000000100000000)
  eden space 107520K, 0% used [0x00000000d5e00000,0x00000000d5e00000,0x00000000dc700000)
  from space 5120K, 99% used [0x00000000dcb00000,0x00000000dcffe410,0x00000000dd000000)
  to   space 5120K, 0% used [0x00000000dd000000,0x00000000dd000000,0x00000000dd500000)
 ParOldGen       total 141824K, used 107231K [0x0000000081a00000, 0x000000008a480000, 0x00000000d5e00000)
  object space 141824K, 75% used [0x0000000081a00000,0x00000000882b7d70,0x000000008a480000)
 Metaspace       used 3789K, capacity 4746K, committed 4864K, reserved 1056768K
  class space    used 422K, capacity 434K, committed 512K, reserved 1048576K
Event: 61.834 GC heap after
Heap after GC invocations=7 (full 2):
 PSYoungGen      total 112640K, used 0K [0x00000000d5e00000, 0x00000000dd500000, 0x0000000100000000)
  eden space 107520K, 0% used [0x00000000d5e00000,0x00000000d5e00000,0x00000000dc700000)
  from space 5120K, 0% used [0x00000000dcb00000,0x00000000dcb00000,0x00000000dd000000)
  to   space 5120K, 0% used [0x00000000dd000000,0x00000000dd000000,0x00000000dd500000)
 ParOldGen       total 141824K, used 90473K [0x0000000081a00000, 0x000000008a480000, 0x00000000d5e00000)
  object space 141824K, 63% used [0x0000000081a00000,0x000000008725a500,0x000000008a480000)
 Metaspace       used 3789K, capacity 4746K, committed 4864K, reserved 1056768K
  class space    used 422K, capacity 434K, committed 512K, reserved 1048576K
}

